Executed command: lsusb -t
Output:
/:  Bus 03.Port 1: Dev 1, Class=root_hub, Driver=xhci_hcd/10p, 5000M
/:  Bus 02.Port 1: Dev 1, Class=root_hub, Driver=xhci_hcd/16p, 480M
    |__ Port 3: Dev 2, If 0, Class=Hub, Driver=hub/2p, 480M
    |__ Port 5: Dev 3, If 0, Class=Human Interface Device, Driver=usbhid, 1.5M
    |__ Port 6: Dev 4, If 0, Class=Human Interface Device, Driver=usbhid, 1.5M
    |__ Port 6: Dev 4, If 1, Class=Human Interface Device, Driver=usbhid, 1.5M
/:  Bus 01.Port 1: Dev 1, Class=root_hub, Driver=ehci-pci/8p, 480M
    |__ Port 1: Dev 2, If 0, Class=Human Interface Device, Driver=usbhid, 480M
    |__ Port 1: Dev 2, If 1, Class=Human Interface Device, Driver=usbhid, 480M

Executed command: lsusb -t
Output:
/:  Bus 03.Port 1: Dev 1, Class=root_hub, Driver=xhci_hcd/10p, 5000M
/:  Bus 02.Port 1: Dev 1, Class=root_hub, Driver=xhci_hcd/16p, 480M
    |__ Port 3: Dev 2, If 0, Class=Hub, Driver=hub/2p, 480M
    |__ Port 5: Dev 3, If 0, Class=Human Interface Device, Driver=usbhid, 1.5M
    |__ Port 6: Dev 4, If 0, Class=Human Interface Device, Driver=usbhid, 1.5M
    |__ Port 6: Dev 4, If 1, Class=Human Interface Device, Driver=usbhid, 1.5M
/:  Bus 01.Port 1: Dev 1, Class=root_hub, Driver=ehci-pci/8p, 480M
    |__ Port 1: Dev 2, If 0, Class=Human Interface Device, Driver=usbhid, 480M
    |__ Port 1: Dev 2, If 1, Class=Human Interface Device, Driver=usbhid, 480M

